<?xml version="1.0" encoding="UTF-8"?>
<!-- Generated by org.testng.reporters.JUnitXMLReporter -->
<testsuite ignored="3" hostname="DESKTOP-CISSEDA" failures="0" tests="4" name="Test" time="0.158" errors="0" timestamp="2023-06-23T06:43:38 IST">
  <testcase classname="com.selenium.TestNG1.GrpEx1" name="test100" time="0.015"/>
  <testcase classname="com.selenium.TestNG1.GrpEx1" name="test300" time="0.005"/>
  <testcase classname="com.selenium.TestNG1.GrpEx1" name="test500" time="0.005"/>
  <testcase classname="com.selenium.TestNG1.GrpEx1" name="test700" time="0.006"/>
  <testcase classname="com.selenium.TestNG1.GrpEx1" name="test600" time="0.0">
    <ignored/>
  </testcase> <!-- test600 -->
  <testcase classname="com.selenium.TestNG1.GrpEx1" name="test400" time="0.0">
    <ignored/>
  </testcase> <!-- test400 -->
  <testcase classname="com.selenium.TestNG1.GrpEx1" name="test200" time="0.0">
    <ignored/>
  </testcase> <!-- test200 -->
</testsuite> <!-- Test -->
