<?xml version="1.0" encoding="UTF-8"?>
<!-- Generated by org.testng.reporters.JUnitXMLReporter -->
<testsuite ignored="0" hostname="DESKTOP-CISSEDA" failures="0" tests="3" name="Test" time="17.242" errors="0" timestamp="2023-08-05T20:35:18 IST">
  <testcase classname="com.selenium.TestNG1.ParamGroupEx1" name="sample29" time="12.193"/>
  <testcase classname="com.selenium.TestNG1.ParamGroupEx1" name="test001" time="13.542"/>
  <testcase classname="com.selenium.TestNG1.ParamGroupEx1" name="test002" time="15.226"/>
</testsuite> <!-- Test -->
