<?xml version="1.0" encoding="UTF-8"?>
<testng-results ignored="0" total="1" passed="1" failed="0" skipped="0">
  <reporter-output>
  </reporter-output>
  <suite started-at="2023-07-13T20:56:32 IST" name="Default suite" finished-at="2023-07-13T20:56:45 IST" duration-ms="13206">
    <groups>
    </groups>
    <test started-at="2023-07-13T20:56:32 IST" name="Default test" finished-at="2023-07-13T20:56:45 IST" duration-ms="13206">
      <class name="com.selenium.exclwork.ExcelEx3">
        <test-method is-config="true" signature="beforeSuite()[pri:0, instance:com.selenium.exclwork.ExcelEx3@54d9d12d]" started-at="2023-07-13T20:56:32 IST" name="beforeSuite" finished-at="2023-07-13T20:56:32 IST" duration-ms="362" status="PASS">
          <reporter-output>
          </reporter-output>
        </test-method> <!-- beforeSuite -->
        <test-method is-config="true" signature="beforeMethod(org.testng.ITestResult)[pri:0, instance:com.selenium.exclwork.ExcelEx3@54d9d12d]" started-at="2023-07-13T20:56:32 IST" name="beforeMethod" finished-at="2023-07-13T20:56:34 IST" duration-ms="1332" status="PASS">
          <params>
            <param index="0">
              <value>
                <![CDATA[[TestResult name={null} status=CREATED method=ExcelEx3.TC_CWB_Login()[pri:0, instance:com.selenium.exclwork.ExcelEx3@54d9d12d] output={null}]]]>
              </value>
            </param>
          </params>
          <reporter-output>
          </reporter-output>
        </test-method> <!-- beforeMethod -->
        <test-method signature="TC_CWB_Login()[pri:0, instance:com.selenium.exclwork.ExcelEx3@54d9d12d]" started-at="2023-07-13T20:56:34 IST" name="TC_CWB_Login" finished-at="2023-07-13T20:56:45 IST" duration-ms="11800" status="PASS">
          <reporter-output>
          </reporter-output>
        </test-method> <!-- TC_CWB_Login -->
        <test-method is-config="true" signature="afterSuite()[pri:0, instance:com.selenium.exclwork.ExcelEx3@54d9d12d]" started-at="2023-07-13T20:56:45 IST" name="afterSuite" finished-at="2023-07-13T20:56:46 IST" duration-ms="664" status="PASS">
          <reporter-output>
          </reporter-output>
        </test-method> <!-- afterSuite -->
      </class> <!-- com.selenium.exclwork.ExcelEx3 -->
    </test> <!-- Default test -->
  </suite> <!-- Default suite -->
</testng-results>
