<?xml version="1.0" encoding="UTF-8"?>
<testng-results ignored="0" total="3" passed="3" failed="0" skipped="0">
  <reporter-output>
  </reporter-output>
  <suite started-at="2023-08-05T20:35:01 IST" name="Suite" finished-at="2023-08-05T20:35:18 IST" duration-ms="17242">
    <groups>
    </groups>
    <test started-at="2023-08-05T20:35:01 IST" name="Test" finished-at="2023-08-05T20:35:18 IST" duration-ms="17242">
      <class name="com.selenium.TestNG1.ParamGroupEx1">
        <test-method is-config="true" signature="beforeSuite()[pri:0, instance:com.selenium.TestNG1.ParamGroupEx1@606e4010]" started-at="2023-08-05T20:35:01 IST" name="beforeSuite" finished-at="2023-08-05T20:35:01 IST" duration-ms="381" status="PASS">
          <reporter-output>
          </reporter-output>
        </test-method> <!-- beforeSuite -->
        <test-method is-config="true" signature="beforeMethod(org.testng.ITestResult)[pri:0, instance:com.selenium.TestNG1.ParamGroupEx1@606e4010]" started-at="2023-08-05T20:35:01 IST" name="beforeMethod" finished-at="2023-08-05T20:35:03 IST" duration-ms="1946" status="PASS">
          <params>
            <param index="0">
              <value>
                <![CDATA[[TestResult name={null} status=CREATED method=ParamGroupEx1.test001(java.lang.String,java.lang.String)[pri:0, instance:com.selenium.TestNG1.ParamGroupEx1@606e4010] output={null}]]]>
              </value>
            </param>
          </params>
          <reporter-output>
          </reporter-output>
        </test-method> <!-- beforeMethod -->
        <test-method is-config="true" signature="beforeMethod(org.testng.ITestResult)[pri:0, instance:com.selenium.TestNG1.ParamGroupEx1@606e4010]" started-at="2023-08-05T20:35:01 IST" name="beforeMethod" finished-at="2023-08-05T20:35:03 IST" duration-ms="1947" status="PASS">
          <params>
            <param index="0">
              <value>
                <![CDATA[[TestResult name={null} status=CREATED method=ParamGroupEx1.test002()[pri:0, instance:com.selenium.TestNG1.ParamGroupEx1@606e4010] output={null}]]]>
              </value>
            </param>
          </params>
          <reporter-output>
          </reporter-output>
        </test-method> <!-- beforeMethod -->
        <test-method is-config="true" signature="beforeMethod(org.testng.ITestResult)[pri:0, instance:com.selenium.TestNG1.ParamGroupEx1@606e4010]" started-at="2023-08-05T20:35:01 IST" name="beforeMethod" finished-at="2023-08-05T20:35:03 IST" duration-ms="1945" status="PASS">
          <params>
            <param index="0">
              <value>
                <![CDATA[[TestResult name={null} status=CREATED method=ParamGroupEx1.sample29()[pri:0, instance:com.selenium.TestNG1.ParamGroupEx1@606e4010] output={null}]]]>
              </value>
            </param>
          </params>
          <reporter-output>
          </reporter-output>
        </test-method> <!-- beforeMethod -->
        <test-method signature="test001(java.lang.String,java.lang.String)[pri:0, instance:com.selenium.TestNG1.ParamGroupEx1@606e4010]" started-at="2023-08-05T20:35:03 IST" name="test001" finished-at="2023-08-05T20:35:17 IST" duration-ms="13542" status="PASS">
          <params>
            <param index="0">
              <value>
                <![CDATA[chrome]]>
              </value>
            </param>
            <param index="1">
              <value>
                <![CDATA[https://www.google.com/]]>
              </value>
            </param>
          </params>
          <reporter-output>
          </reporter-output>
        </test-method> <!-- test001 -->
        <test-method signature="test002()[pri:0, instance:com.selenium.TestNG1.ParamGroupEx1@606e4010]" started-at="2023-08-05T20:35:03 IST" name="test002" finished-at="2023-08-05T20:35:18 IST" duration-ms="15226" status="PASS">
          <reporter-output>
          </reporter-output>
        </test-method> <!-- test002 -->
        <test-method signature="sample29()[pri:0, instance:com.selenium.TestNG1.ParamGroupEx1@606e4010]" started-at="2023-08-05T20:35:03 IST" name="sample29" finished-at="2023-08-05T20:35:15 IST" duration-ms="12193" status="PASS">
          <reporter-output>
          </reporter-output>
        </test-method> <!-- sample29 -->
        <test-method is-config="true" signature="afterSuite()[pri:0, instance:com.selenium.TestNG1.ParamGroupEx1@606e4010]" started-at="2023-08-05T20:35:18 IST" name="afterSuite" finished-at="2023-08-05T20:35:19 IST" duration-ms="800" status="PASS">
          <reporter-output>
          </reporter-output>
        </test-method> <!-- afterSuite -->
      </class> <!-- com.selenium.TestNG1.ParamGroupEx1 -->
    </test> <!-- Test -->
  </suite> <!-- Suite -->
</testng-results>
